c:\repository\git\fit\projects\4. sem\izg\izg_proj\debug\vc140.pdb
c:\repository\git\fit\projects\4. sem\izg\izg_proj\debug\vc140.idb
c:\repository\git\fit\projects\4. sem\izg\izg_proj\debug\bmp.obj
c:\repository\git\fit\projects\4. sem\izg\izg_proj\debug\color.obj
c:\repository\git\fit\projects\4. sem\izg\izg_proj\debug\main.obj
c:\repository\git\fit\projects\4. sem\izg\izg_proj\debug\model.obj
c:\repository\git\fit\projects\4. sem\izg\izg_proj\debug\render.obj
c:\repository\git\fit\projects\4. sem\izg\izg_proj\debug\student.obj
c:\repository\git\fit\projects\4. sem\izg\izg_proj\debug\transform.obj
c:\repository\git\fit\projects\4. sem\izg\izg_proj\debug\vector.obj
c:\repository\git\fit\projects\4. sem\izg\izg_proj\izg_proj.ilk
c:\repository\git\fit\projects\4. sem\izg\izg_proj\izg_proj.exe
c:\repository\git\fit\projects\4. sem\izg\izg_proj\izg_proj.pdb
c:\repository\git\fit\projects\4. sem\izg\izg_proj\.\izg_proj.exe
c:\repository\git\fit\projects\4. sem\izg\izg_proj\debug\izg_proj.tlog\cl.command.1.tlog
c:\repository\git\fit\projects\4. sem\izg\izg_proj\debug\izg_proj.tlog\cl.read.1.tlog
c:\repository\git\fit\projects\4. sem\izg\izg_proj\debug\izg_proj.tlog\cl.write.1.tlog
c:\repository\git\fit\projects\4. sem\izg\izg_proj\debug\izg_proj.tlog\link.command.1.tlog
c:\repository\git\fit\projects\4. sem\izg\izg_proj\debug\izg_proj.tlog\link.read.1.tlog
c:\repository\git\fit\projects\4. sem\izg\izg_proj\debug\izg_proj.tlog\link.write.1.tlog
